# JRE version: OpenJDK Runtime Environment (8.0_76-b01) (build 1.8.0_76-release-b01)
# Java VM: OpenJDK 64-Bit Server VM (25.76-b01 mixed mode windows-amd64 compressed oops)
Heap:
 PSYoungGen      total 112128K, used 11501K [0x00000000eab00000, 0x00000000fbc00000, 0x0000000100000000)
  eden space 107008K, 5% used [0x00000000eab00000,0x00000000eb13c4c8,0x00000000f1380000)
  from space 5120K, 99% used [0x00000000f1380000,0x00000000f187efa8,0x00000000f1880000)
  to   space 50176K, 0% used [0x00000000f8b00000,0x00000000f8b00000,0x00000000fbc00000)
 ParOldGen       total 121856K, used 32041K [0x00000000c0000000, 0x00000000c7700000, 0x00000000eab00000)
  object space 121856K, 26% used [0x00000000c0000000,0x00000000c1f4a7a0,0x00000000c7700000)
 Metaspace       used 4754K, capacity 5424K, committed 5632K, reserved 1056768K
  class space    used 480K, capacity 488K, committed 512K, reserved 1048576K
GC Heap History (10 events):
Event: 0.407 GC heap before
{Heap before GC invocations=2 (full 0):
 PSYoungGen      total 36864K, used 36850K [0x00000000eab00000, 0x00000000ef300000, 0x0000000100000000)
  eden space 31744K, 100% used [0x00000000eab00000,0x00000000eca00000,0x00000000eca00000)
  from space 5120K, 99% used [0x00000000eca00000,0x00000000ecefc8c8,0x00000000ecf00000)
  to   space 5120K, 0% used [0x00000000eee00000,0x00000000eee00000,0x00000000ef300000)
 ParOldGen       total 84992K, used 4344K [0x00000000c0000000, 0x00000000c5300000, 0x00000000eab00000)
  object space 84992K, 5% used [0x00000000c0000000,0x00000000c043e0e0,0x00000000c5300000)
 Metaspace       used 3917K, capacity 4944K, committed 5120K, reserved 1056768K
  class space    used 398K, capacity 456K, committed 512K, reserved 1048576K
Event: 0.418 GC heap after
Heap after GC invocations=2 (full 0):
 PSYoungGen      total 68608K, used 5105K [0x00000000eab00000, 0x00000000ef300000, 0x0000000100000000)
  eden space 63488K, 0% used [0x00000000eab00000,0x00000000eab00000,0x00000000ee900000)
  from space 5120K, 99% used [0x00000000eee00000,0x00000000ef2fc6c8,0x00000000ef300000)
  to   space 5120K, 0% used [0x00000000ee900000,0x00000000ee900000,0x00000000eee00000)
 ParOldGen       total 84992K, used 51102K [0x00000000c0000000, 0x00000000c5300000, 0x00000000eab00000)
  object space 84992K, 60% used [0x00000000c0000000,0x00000000c31e7a48,0x00000000c5300000)
 Metaspace       used 3917K, capacity 4944K, committed 5120K, reserved 1056768K
  class space    used 398K, capacity 456K, committed 512K, reserved 1048576K
}
Event: 0.418 GC heap before
{Heap before GC invocations=3 (full 1):
 PSYoungGen      total 68608K, used 5105K [0x00000000eab00000, 0x00000000ef300000, 0x0000000100000000)
  eden space 63488K, 0% used [0x00000000eab00000,0x00000000eab00000,0x00000000ee900000)
  from space 5120K, 99% used [0x00000000eee00000,0x00000000ef2fc6c8,0x00000000ef300000)
  to   space 5120K, 0% used [0x00000000ee900000,0x00000000ee900000,0x00000000eee00000)
 ParOldGen       total 84992K, used 51102K [0x00000000c0000000, 0x00000000c5300000, 0x00000000eab00000)
  object space 84992K, 60% used [0x00000000c0000000,0x00000000c31e7a48,0x00000000c5300000)
 Metaspace       used 3917K, capacity 4944K, committed 5120K, reserved 1056768K
  class space    used 398K, capacity 456K, committed 512K, reserved 1048576K
Event: 0.426 GC heap after
Heap after GC invocations=3 (full 1):
 PSYoungGen      total 68608K, used 0K [0x00000000eab00000, 0x00000000ef300000, 0x0000000100000000)
  eden space 63488K, 0% used [0x00000000eab00000,0x00000000eab00000,0x00000000ee900000)
  from space 5120K, 0% used [0x00000000eee00000,0x00000000eee00000,0x00000000ef300000)
  to   space 5120K, 0% used [0x00000000ee900000,0x00000000ee900000,0x00000000eee00000)
 ParOldGen       total 121856K, used 23877K [0x00000000c0000000, 0x00000000c7700000, 0x00000000eab00000)
  object space 121856K, 19% used [0x00000000c0000000,0x00000000c17515f8,0x00000000c7700000)
 Metaspace       used 3917K, capacity 4944K, committed 5120K, reserved 1056768K
  class space    used 398K, capacity 456K, committed 512K, reserved 1048576K
}
Event: 0.954 GC heap before
{Heap before GC invocations=4 (full 1):
 PSYoungGen      total 68608K, used 63488K [0x00000000eab00000, 0x00000000ef300000, 0x0000000100000000)
  eden space 63488K, 100% used [0x00000000eab00000,0x00000000ee900000,0x00000000ee900000)
  from space 5120K, 0% used [0x00000000eee00000,0x00000000eee00000,0x00000000ef300000)
  to   space 5120K, 0% used [0x00000000ee900000,0x00000000ee900000,0x00000000eee00000)
 ParOldGen       total 121856K, used 23877K [0x00000000c0000000, 0x00000000c7700000, 0x00000000eab00000)
  object space 121856K, 19% used [0x00000000c0000000,0x00000000c17515f8,0x00000000c7700000)
 Metaspace       used 4459K, capacity 5424K, committed 5632K, reserved 1056768K
  class space    used 450K, capacity 488K, committed 512K, reserved 1048576K
Event: 0.962 GC heap after
Heap after GC invocations=4 (full 1):
 PSYoungGen      total 68608K, used 3877K [0x00000000eab00000, 0x00000000f1d80000, 0x0000000100000000)
  eden space 63488K, 0% used [0x00000000eab00000,0x00000000eab00000,0x00000000ee900000)
  from space 5120K, 75% used [0x00000000ee900000,0x00000000eecc9440,0x00000000eee00000)
  to   space 5120K, 0% used [0x00000000f1880000,0x00000000f1880000,0x00000000f1d80000)
 ParOldGen       total 121856K, used 23877K [0x00000000c0000000, 0x00000000c7700000, 0x00000000eab00000)
  object space 121856K, 19% used [0x00000000c0000000,0x00000000c17515f8,0x00000000c7700000)
 Metaspace       used 4459K, capacity 5424K, committed 5632K, reserved 1056768K
  class space    used 450K, capacity 488K, committed 512K, reserved 1048576K
}
Event: 1.180 GC heap before
{Heap before GC invocations=5 (full 1):
 PSYoungGen      total 68608K, used 67365K [0x00000000eab00000, 0x00000000f1d80000, 0x0000000100000000)
  eden space 63488K, 100% used [0x00000000eab00000,0x00000000ee900000,0x00000000ee900000)
  from space 5120K, 75% used [0x00000000ee900000,0x00000000eecc9440,0x00000000eee00000)
  to   space 5120K, 0% used [0x00000000f1880000,0x00000000f1880000,0x00000000f1d80000)
 ParOldGen       total 121856K, used 23877K [0x00000000c0000000, 0x00000000c7700000, 0x00000000eab00000)
  object space 121856K, 19% used [0x00000000c0000000,0x00000000c17515f8,0x00000000c7700000)
 Metaspace       used 4491K, capacity 5424K, committed 5632K, reserved 1056768K
  class space    used 451K, capacity 488K, committed 512K, reserved 1048576K
Event: 1.190 GC heap after
Heap after GC invocations=5 (full 1):
 PSYoungGen      total 112128K, used 3560K [0x00000000eab00000, 0x00000000f1e00000, 0x0000000100000000)
  eden space 107008K, 0% used [0x00000000eab00000,0x00000000eab00000,0x00000000f1380000)
  from space 5120K, 69% used [0x00000000f1880000,0x00000000f1bfa150,0x00000000f1d80000)
  to   space 5120K, 0% used [0x00000000f1380000,0x00000000f1380000,0x00000000f1880000)
 ParOldGen       total 121856K, used 23877K [0x00000000c0000000, 0x00000000c7700000, 0x00000000eab00000)
  object space 121856K, 19% used [0x00000000c0000000,0x00000000c17515f8,0x00000000c7700000)
 Metaspace       used 4491K, capacity 5424K, committed 5632K, reserved 1056768K
  class space    used 451K, capacity 488K, committed 512K, reserved 1048576K
}
Event: 1.665 GC heap before
{Heap before GC invocations=6 (full 1):
 PSYoungGen      total 112128K, used 110568K [0x00000000eab00000, 0x00000000f1e00000, 0x0000000100000000)
  eden space 107008K, 100% used [0x00000000eab00000,0x00000000f1380000,0x00000000f1380000)
  from space 5120K, 69% used [0x00000000f1880000,0x00000000f1bfa150,0x00000000f1d80000)
  to   space 5120K, 0% used [0x00000000f1380000,0x00000000f1380000,0x00000000f1880000)
 ParOldGen       total 121856K, used 23877K [0x00000000c0000000, 0x00000000c7700000, 0x00000000eab00000)
  object space 121856K, 19% used [0x00000000c0000000,0x00000000c17515f8,0x00000000c7700000)
 Metaspace       used 4754K, capacity 5424K, committed 5632K, reserved 1056768K
  class space    used 480K, capacity 488K, committed 512K, reserved 1048576K
Event: 1.678 GC heap after
Heap after GC invocations=6 (full 1):
 PSYoungGen      total 112128K, used 5115K [0x00000000eab00000, 0x00000000fbc00000, 0x0000000100000000)
  eden space 107008K, 0% used [0x00000000eab00000,0x00000000eab00000,0x00000000f1380000)
  from space 5120K, 99% used [0x00000000f1380000,0x00000000f187efa8,0x00000000f1880000)
  to   space 50176K, 0% used [0x00000000f8b00000,0x00000000f8b00000,0x00000000fbc00000)
 ParOldGen       total 121856K, used 32041K [0x00000000c0000000, 0x00000000c7700000, 0x00000000eab00000)
  object space 121856K, 26% used [0x00000000c0000000,0x00000000c1f4a7a0,0x00000000c7700000)
 Metaspace       used 4754K, capacity 5424K, committed 5632K, reserved 1056768K
  class space    used 480K, capacity 488K, committed 512K, reserved 1048576K
}

