# JRE version: OpenJDK Runtime Environment (8.0_76-b01) (build 1.8.0_76-release-b01)
# Java VM: OpenJDK 64-Bit Server VM (25.76-b01 mixed mode windows-amd64 compressed oops)
Heap:
 PSYoungGen      total 106496K, used 21259K [0x00000000eab00000, 0x00000000f1880000, 0x0000000100000000)
  eden space 101376K, 15% used [0x00000000eab00000,0x00000000ebac5e78,0x00000000f0e00000)
  from space 5120K, 99% used [0x00000000f0e00000,0x00000000f12fce08,0x00000000f1300000)
  to   space 5120K, 0% used [0x00000000f1300000,0x00000000f1300000,0x00000000f1800000)
 ParOldGen       total 108032K, used 27967K [0x00000000c0000000, 0x00000000c6980000, 0x00000000eab00000)
  object space 108032K, 25% used [0x00000000c0000000,0x00000000c1b4ff40,0x00000000c6980000)
 Metaspace       used 4752K, capacity 5424K, committed 5632K, reserved 1056768K
  class space    used 480K, capacity 488K, committed 512K, reserved 1048576K
GC Heap History (10 events):
Event: 0.391 GC heap before
{Heap before GC invocations=2 (full 0):
 PSYoungGen      total 36864K, used 36853K [0x00000000eab00000, 0x00000000ef300000, 0x0000000100000000)
  eden space 31744K, 100% used [0x00000000eab00000,0x00000000eca00000,0x00000000eca00000)
  from space 5120K, 99% used [0x00000000eca00000,0x00000000ecefd620,0x00000000ecf00000)
  to   space 5120K, 0% used [0x00000000eee00000,0x00000000eee00000,0x00000000ef300000)
 ParOldGen       total 84992K, used 4322K [0x00000000c0000000, 0x00000000c5300000, 0x00000000eab00000)
  object space 84992K, 5% used [0x00000000c0000000,0x00000000c0438be0,0x00000000c5300000)
 Metaspace       used 3916K, capacity 4944K, committed 5120K, reserved 1056768K
  class space    used 398K, capacity 456K, committed 512K, reserved 1048576K
Event: 0.403 GC heap after
Heap after GC invocations=2 (full 0):
 PSYoungGen      total 68608K, used 5104K [0x00000000eab00000, 0x00000000ef300000, 0x0000000100000000)
  eden space 63488K, 0% used [0x00000000eab00000,0x00000000eab00000,0x00000000ee900000)
  from space 5120K, 99% used [0x00000000eee00000,0x00000000ef2fc390,0x00000000ef300000)
  to   space 5120K, 0% used [0x00000000ee900000,0x00000000ee900000,0x00000000eee00000)
 ParOldGen       total 84992K, used 41277K [0x00000000c0000000, 0x00000000c5300000, 0x00000000eab00000)
  object space 84992K, 48% used [0x00000000c0000000,0x00000000c284f650,0x00000000c5300000)
 Metaspace       used 3916K, capacity 4944K, committed 5120K, reserved 1056768K
  class space    used 398K, capacity 456K, committed 512K, reserved 1048576K
}
Event: 0.403 GC heap before
{Heap before GC invocations=3 (full 1):
 PSYoungGen      total 68608K, used 5104K [0x00000000eab00000, 0x00000000ef300000, 0x0000000100000000)
  eden space 63488K, 0% used [0x00000000eab00000,0x00000000eab00000,0x00000000ee900000)
  from space 5120K, 99% used [0x00000000eee00000,0x00000000ef2fc390,0x00000000ef300000)
  to   space 5120K, 0% used [0x00000000ee900000,0x00000000ee900000,0x00000000eee00000)
 ParOldGen       total 84992K, used 41277K [0x00000000c0000000, 0x00000000c5300000, 0x00000000eab00000)
  object space 84992K, 48% used [0x00000000c0000000,0x00000000c284f650,0x00000000c5300000)
 Metaspace       used 3916K, capacity 4944K, committed 5120K, reserved 1056768K
  class space    used 398K, capacity 456K, committed 512K, reserved 1048576K
Event: 0.414 GC heap after
Heap after GC invocations=3 (full 1):
 PSYoungGen      total 68608K, used 0K [0x00000000eab00000, 0x00000000ef300000, 0x0000000100000000)
  eden space 63488K, 0% used [0x00000000eab00000,0x00000000eab00000,0x00000000ee900000)
  from space 5120K, 0% used [0x00000000eee00000,0x00000000eee00000,0x00000000ef300000)
  to   space 5120K, 0% used [0x00000000ee900000,0x00000000ee900000,0x00000000eee00000)
 ParOldGen       total 108032K, used 19792K [0x00000000c0000000, 0x00000000c6980000, 0x00000000eab00000)
  object space 108032K, 18% used [0x00000000c0000000,0x00000000c1354068,0x00000000c6980000)
 Metaspace       used 3916K, capacity 4944K, committed 5120K, reserved 1056768K
  class space    used 398K, capacity 456K, committed 512K, reserved 1048576K
}
Event: 0.917 GC heap before
{Heap before GC invocations=4 (full 1):
 PSYoungGen      total 68608K, used 63488K [0x00000000eab00000, 0x00000000ef300000, 0x0000000100000000)
  eden space 63488K, 100% used [0x00000000eab00000,0x00000000ee900000,0x00000000ee900000)
  from space 5120K, 0% used [0x00000000eee00000,0x00000000eee00000,0x00000000ef300000)
  to   space 5120K, 0% used [0x00000000ee900000,0x00000000ee900000,0x00000000eee00000)
 ParOldGen       total 108032K, used 19792K [0x00000000c0000000, 0x00000000c6980000, 0x00000000eab00000)
  object space 108032K, 18% used [0x00000000c0000000,0x00000000c1354068,0x00000000c6980000)
 Metaspace       used 4458K, capacity 5424K, committed 5632K, reserved 1056768K
  class space    used 450K, capacity 488K, committed 512K, reserved 1048576K
Event: 0.925 GC heap after
Heap after GC invocations=4 (full 1):
 PSYoungGen      total 68608K, used 3837K [0x00000000eab00000, 0x00000000f1800000, 0x0000000100000000)
  eden space 63488K, 0% used [0x00000000eab00000,0x00000000eab00000,0x00000000ee900000)
  from space 5120K, 74% used [0x00000000ee900000,0x00000000eecbf518,0x00000000eee00000)
  to   space 5120K, 0% used [0x00000000f1300000,0x00000000f1300000,0x00000000f1800000)
 ParOldGen       total 108032K, used 19800K [0x00000000c0000000, 0x00000000c6980000, 0x00000000eab00000)
  object space 108032K, 18% used [0x00000000c0000000,0x00000000c1356068,0x00000000c6980000)
 Metaspace       used 4458K, capacity 5424K, committed 5632K, reserved 1056768K
  class space    used 450K, capacity 488K, committed 512K, reserved 1048576K
}
Event: 1.120 GC heap before
{Heap before GC invocations=5 (full 1):
 PSYoungGen      total 68608K, used 67325K [0x00000000eab00000, 0x00000000f1800000, 0x0000000100000000)
  eden space 63488K, 100% used [0x00000000eab00000,0x00000000ee900000,0x00000000ee900000)
  from space 5120K, 74% used [0x00000000ee900000,0x00000000eecbf518,0x00000000eee00000)
  to   space 5120K, 0% used [0x00000000f1300000,0x00000000f1300000,0x00000000f1800000)
 ParOldGen       total 108032K, used 19800K [0x00000000c0000000, 0x00000000c6980000, 0x00000000eab00000)
  object space 108032K, 18% used [0x00000000c0000000,0x00000000c1356068,0x00000000c6980000)
 Metaspace       used 4488K, capacity 5424K, committed 5632K, reserved 1056768K
  class space    used 450K, capacity 488K, committed 512K, reserved 1048576K
Event: 1.129 GC heap after
Heap after GC invocations=5 (full 1):
 PSYoungGen      total 106496K, used 3528K [0x00000000eab00000, 0x00000000f1880000, 0x0000000100000000)
  eden space 101376K, 0% used [0x00000000eab00000,0x00000000eab00000,0x00000000f0e00000)
  from space 5120K, 68% used [0x00000000f1300000,0x00000000f1672100,0x00000000f1800000)
  to   space 5120K, 0% used [0x00000000f0e00000,0x00000000f0e00000,0x00000000f1300000)
 ParOldGen       total 108032K, used 19800K [0x00000000c0000000, 0x00000000c6980000, 0x00000000eab00000)
  object space 108032K, 18% used [0x00000000c0000000,0x00000000c1356068,0x00000000c6980000)
 Metaspace       used 4488K, capacity 5424K, committed 5632K, reserved 1056768K
  class space    used 450K, capacity 488K, committed 512K, reserved 1048576K
}
Event: 1.485 GC heap before
{Heap before GC invocations=6 (full 1):
 PSYoungGen      total 106496K, used 104904K [0x00000000eab00000, 0x00000000f1880000, 0x0000000100000000)
  eden space 101376K, 100% used [0x00000000eab00000,0x00000000f0e00000,0x00000000f0e00000)
  from space 5120K, 68% used [0x00000000f1300000,0x00000000f1672100,0x00000000f1800000)
  to   space 5120K, 0% used [0x00000000f0e00000,0x00000000f0e00000,0x00000000f1300000)
 ParOldGen       total 108032K, used 19800K [0x00000000c0000000, 0x00000000c6980000, 0x00000000eab00000)
  object space 108032K, 18% used [0x00000000c0000000,0x00000000c1356068,0x00000000c6980000)
 Metaspace       used 4752K, capacity 5424K, committed 5632K, reserved 1056768K
  class space    used 480K, capacity 488K, committed 512K, reserved 1048576K
Event: 1.495 GC heap after
Heap after GC invocations=6 (full 1):
 PSYoungGen      total 106496K, used 5107K [0x00000000eab00000, 0x00000000f1880000, 0x0000000100000000)
  eden space 101376K, 0% used [0x00000000eab00000,0x00000000eab00000,0x00000000f0e00000)
  from space 5120K, 99% used [0x00000000f0e00000,0x00000000f12fce08,0x00000000f1300000)
  to   space 5120K, 0% used [0x00000000f1300000,0x00000000f1300000,0x00000000f1800000)
 ParOldGen       total 108032K, used 27967K [0x00000000c0000000, 0x00000000c6980000, 0x00000000eab00000)
  object space 108032K, 25% used [0x00000000c0000000,0x00000000c1b4ff40,0x00000000c6980000)
 Metaspace       used 4752K, capacity 5424K, committed 5632K, reserved 1056768K
  class space    used 480K, capacity 488K, committed 512K, reserved 1048576K
}

